<?xml version="1.0" encoding="UTF-8"?>
<testng-results ignored="0" total="1" passed="1" failed="0" skipped="0">
  <reporter-output>
  </reporter-output>
  <suite started-at="2021-01-05T19:59:35Z" name="Suite" finished-at="2021-01-05T20:00:16Z" duration-ms="40451">
    <groups>
    </groups>
    <test started-at="2021-01-05T19:59:35Z" name="Test" finished-at="2021-01-05T20:00:16Z" duration-ms="40451">
      <class name="com.scripts.actitime.ActitimeLogin">
        <test-method is-config="true" signature="openBrowser()[pri:0, instance:com.scripts.actitime.ActitimeLogin@2a266d09]" started-at="2021-01-05T19:59:35Z" name="openBrowser" finished-at="2021-01-05T20:00:03Z" duration-ms="28225" status="PASS">
          <reporter-output>
          </reporter-output>
        </test-method> <!-- openBrowser -->
        <test-method signature="login()[pri:0, instance:com.scripts.actitime.ActitimeLogin@2a266d09]" started-at="2021-01-05T20:00:03Z" name="login" finished-at="2021-01-05T20:00:12Z" duration-ms="9002" status="PASS">
          <reporter-output>
          </reporter-output>
        </test-method> <!-- login -->
        <test-method is-config="true" signature="closeBrowser()[pri:0, instance:com.scripts.actitime.ActitimeLogin@2a266d09]" started-at="2021-01-05T20:00:12Z" name="closeBrowser" finished-at="2021-01-05T20:00:16Z" duration-ms="3170" status="PASS">
          <reporter-output>
          </reporter-output>
        </test-method> <!-- closeBrowser -->
      </class> <!-- com.scripts.actitime.ActitimeLogin -->
    </test> <!-- Test -->
  </suite> <!-- Suite -->
</testng-results>
